3/28/2021 6:54:37 PM	This log contains information about the import schema operation into project 'SampleDB' on computer 'VDWAP-TELI003' by user 'TELI003'.
3/28/2021 6:54:38 PM	Import of database schema has started.
3/28/2021 6:54:57 PM	Gathering database credentials
3/28/2021 6:54:57 PM	Gathering database options
3/28/2021 6:54:57 PM	Gathering generic database scoped configuration option
3/28/2021 6:54:57 PM	Gathering users
3/28/2021 6:54:57 PM	Gathering roles
3/28/2021 6:54:57 PM	Gathering application roles
3/28/2021 6:54:57 PM	Gathering role memberships
3/28/2021 6:54:57 PM	Gathering filegroups
3/28/2021 6:54:57 PM	Gathering full-text catalogs
3/28/2021 6:54:57 PM	Gathering assemblies
3/28/2021 6:54:57 PM	Gathering certificates
3/28/2021 6:54:57 PM	Gathering asymmetric keys
3/28/2021 6:54:57 PM	Gathering symmetric keys
3/28/2021 6:54:57 PM	Gathering encrypted symmetric keys
3/28/2021 6:54:57 PM	Gathering schemas
3/28/2021 6:54:57 PM	Gathering XML schema collections
3/28/2021 6:54:57 PM	Gathering user-defined data types
3/28/2021 6:54:57 PM	Gathering user-defined types
3/28/2021 6:54:57 PM	Gathering table types
3/28/2021 6:54:57 PM	Gathering unique keys for table types
3/28/2021 6:54:57 PM	Gathering primary keys for table types
3/28/2021 6:54:57 PM	Gathering indexes for table types
3/28/2021 6:54:57 PM	Gathering check constraints for table types
3/28/2021 6:54:57 PM	Gathering default constraints for table types
3/28/2021 6:54:57 PM	Gathering partition functions
3/28/2021 6:54:57 PM	Gathering partition schemes
3/28/2021 6:54:57 PM	Gathering functions
3/28/2021 6:54:57 PM	Gathering encrypted functions
3/28/2021 6:54:57 PM	Gathering aggregates
3/28/2021 6:54:58 PM	Gathering procedures
3/28/2021 6:54:58 PM	Gathering encrypted procedures
3/28/2021 6:54:58 PM	Gathering tables
3/28/2021 6:54:58 PM	Gathering primary keys
3/28/2021 6:54:58 PM	Gathering unique constraints
3/28/2021 6:54:58 PM	Gathering foreign keys
3/28/2021 6:54:58 PM	Gathering default constraints
3/28/2021 6:54:58 PM	Gathering check constraints
3/28/2021 6:54:58 PM	Gathering views
3/28/2021 6:54:58 PM	Gathering encrypted views
3/28/2021 6:54:58 PM	Gathering indexes
3/28/2021 6:54:58 PM	Gathering statistics
3/28/2021 6:54:58 PM	Gathering full-text index stoplists
3/28/2021 6:54:58 PM	Gathering search property lists
3/28/2021 6:54:58 PM	Gathering search properties
3/28/2021 6:54:58 PM	Gathering full-text indexes
3/28/2021 6:54:58 PM	Gathering column store indexes
3/28/2021 6:54:58 PM	Gathering spatial indexes
3/28/2021 6:54:58 PM	Gathering XML indexes
3/28/2021 6:54:58 PM	Gathering Selective XML indexes
3/28/2021 6:54:58 PM	Gathering encrypted triggers
3/28/2021 6:54:58 PM	Gathering triggers
3/28/2021 6:54:58 PM	Gathering encrypted and clr ddl triggers
3/28/2021 6:54:58 PM	Gathering ddl triggers
3/28/2021 6:54:58 PM	Creating edge constraints
3/28/2021 6:54:58 PM	Gathering synonyms
3/28/2021 6:54:58 PM	Gathering defaults
3/28/2021 6:54:58 PM	Gathering data constraint uddt bindings
3/28/2021 6:54:58 PM	Gathering rules
3/28/2021 6:54:58 PM	Gathering data constraint uddt bindings
3/28/2021 6:54:58 PM	Gathering message types
3/28/2021 6:54:58 PM	Gathering queues
3/28/2021 6:54:58 PM	Gathering contracts
3/28/2021 6:54:58 PM	Gathering services
3/28/2021 6:54:58 PM	Gathering event notifications
3/28/2021 6:54:58 PM	Gathering remote service bindings
3/28/2021 6:54:58 PM	Gathering broker priorities
3/28/2021 6:54:58 PM	Gathering signatures
3/28/2021 6:54:58 PM	Gathering data compression options
3/28/2021 6:54:58 PM	Gathering sequence types
3/28/2021 6:54:58 PM	Gathering security policies
3/28/2021 6:54:58 PM	Gather column encryption keys
3/28/2021 6:54:58 PM	Gathering column master keys
3/28/2021 6:54:58 PM	Gathering external data sources
3/28/2021 6:54:58 PM	Gathering external file formats
3/28/2021 6:54:58 PM	Gathering external tables
3/28/2021 6:54:58 PM	Gathering database permissions
3/28/2021 6:54:58 PM	Gathering extended properties
3/28/2021 6:54:58 PM	Gathering credentials
3/28/2021 6:54:58 PM	Gathering logins
3/28/2021 6:54:58 PM	Gathering server audits
3/28/2021 6:55:01 PM	Scanning project for duplicate elements
3/28/2021 6:55:02 PM	Finished duplicate element processing
3/28/2021 6:55:02 PM	Finished importing database.
3/28/2021 6:55:02 PM	A summary of the import was saved to the following location: C:\APPS\NOTES\learning-projects\TRAINING\SQLSVR\SSDT\SampleDB\SampleDB\Import Schema Logs\SampleDB_20210328115437.log
3/28/2021 6:55:02 PM	Click Finish to continue...
